<?xml version="1.0" encoding="UTF-8"?>
<testng-results skipped="0" failed="1" ignored="0" total="4" passed="3">
  <reporter-output>
  </reporter-output>
  <suite name="Default suite" duration-ms="8362" started-at="2020-07-26T22:19:33 IST" finished-at="2020-07-26T22:19:41 IST">
    <groups>
      <group name="cucumber">
        <method signature="AbstractTestNGCucumberTests.runScenario(io.cucumber.testng.PickleWrapper, io.cucumber.testng.FeatureWrapper)[pri:0, instance:RunnerFile.TestRunner@528931cf]" name="runScenario" class="io.cucumber.testng.AbstractTestNGCucumberTests"/>
      </group> <!-- cucumber -->
    </groups>
    <test name="Default test" duration-ms="8362" started-at="2020-07-26T22:19:33 IST" finished-at="2020-07-26T22:19:41 IST">
      <class name="RunnerFile.TestRunner">
        <test-method status="PASS" signature="setUpClass()[pri:0, instance:RunnerFile.TestRunner@528931cf]" name="setUpClass" is-config="true" duration-ms="880" started-at="2020-07-26T22:19:33 IST" finished-at="2020-07-26T22:19:33 IST">
          <reporter-output>
          </reporter-output>
        </test-method> <!-- setUpClass -->
        <test-method status="PASS" signature="runScenario(io.cucumber.testng.PickleWrapper, io.cucumber.testng.FeatureWrapper)[pri:0, instance:RunnerFile.TestRunner@528931cf]" name="runScenario" duration-ms="5093" started-at="2020-07-26T22:19:33 IST" description="Runs Cucumber Scenarios" data-provider="scenarios" finished-at="2020-07-26T22:19:39 IST">
          <params>
            <param index="0">
              <value>
                <![CDATA["Validate the Post Method"]]>
              </value>
            </param>
            <param index="1">
              <value>
                <![CDATA["Optional[To validate the Resources]"]]>
              </value>
            </param>
          </params>
          <reporter-output>
          </reporter-output>
        </test-method> <!-- runScenario -->
        <test-method status="PASS" signature="runScenario(io.cucumber.testng.PickleWrapper, io.cucumber.testng.FeatureWrapper)[pri:0, instance:RunnerFile.TestRunner@528931cf]" name="runScenario" duration-ms="534" started-at="2020-07-26T22:19:39 IST" description="Runs Cucumber Scenarios" data-provider="scenarios" finished-at="2020-07-26T22:19:39 IST">
          <params>
            <param index="0">
              <value>
                <![CDATA["Validate the Post Method"]]>
              </value>
            </param>
            <param index="1">
              <value>
                <![CDATA["Optional[To validate the Resources]"]]>
              </value>
            </param>
          </params>
          <reporter-output>
          </reporter-output>
        </test-method> <!-- runScenario -->
        <test-method status="PASS" signature="runScenario(io.cucumber.testng.PickleWrapper, io.cucumber.testng.FeatureWrapper)[pri:0, instance:RunnerFile.TestRunner@528931cf]" name="runScenario" duration-ms="532" started-at="2020-07-26T22:19:39 IST" description="Runs Cucumber Scenarios" data-provider="scenarios" finished-at="2020-07-26T22:19:40 IST">
          <params>
            <param index="0">
              <value>
                <![CDATA["Validate the Put Method"]]>
              </value>
            </param>
            <param index="1">
              <value>
                <![CDATA["Optional[To validate the Resources]"]]>
              </value>
            </param>
          </params>
          <reporter-output>
          </reporter-output>
        </test-method> <!-- runScenario -->
        <test-method status="FAIL" signature="runScenario(io.cucumber.testng.PickleWrapper, io.cucumber.testng.FeatureWrapper)[pri:0, instance:RunnerFile.TestRunner@528931cf]" name="runScenario" duration-ms="537" started-at="2020-07-26T22:19:40 IST" description="Runs Cucumber Scenarios" data-provider="scenarios" finished-at="2020-07-26T22:19:40 IST">
          <params>
            <param index="0">
              <value>
                <![CDATA["Validate the Delete Method"]]>
              </value>
            </param>
            <param index="1">
              <value>
                <![CDATA["Optional[To validate the Resources]"]]>
              </value>
            </param>
          </params>
          <exception class="java.lang.AssertionError">
            <message>
              <![CDATA[expected [Post Deleted Successfully] but found [Invlid ID]]]>
            </message>
            <full-stacktrace>
              <![CDATA[java.lang.AssertionError: expected [Post Deleted Successfully] but found [Invlid ID]
at org.testng.Assert.fail(Assert.java:97)
at org.testng.Assert.assertEqualsImpl(Assert.java:136)
at org.testng.Assert.assertEquals(Assert.java:118)
at org.testng.Assert.assertEquals(Assert.java:575)
at org.testng.Assert.assertEquals(Assert.java:585)
at StepDefinition.Delete_Steps.validate_the_delete_response_using_jsonpath(Delete_Steps.java:46)
at ✽.validate the delete Response using jsonpath(file:///C:/Users/Hp/eclipse-workspace/RestAPI_Demo/src/test/resources/Feature%20File/Resources.feature:27)
]]>
            </full-stacktrace>
          </exception> <!-- java.lang.AssertionError -->
          <reporter-output>
          </reporter-output>
        </test-method> <!-- runScenario -->
        <test-method status="PASS" signature="tearDownClass()[pri:0, instance:RunnerFile.TestRunner@528931cf]" name="tearDownClass" is-config="true" duration-ms="709" started-at="2020-07-26T22:19:40 IST" finished-at="2020-07-26T22:19:41 IST">
          <reporter-output>
          </reporter-output>
        </test-method> <!-- tearDownClass -->
      </class> <!-- RunnerFile.TestRunner -->
    </test> <!-- Default test -->
  </suite> <!-- Default suite -->
</testng-results>
