<?xml version="1.0" encoding="UTF-8"?>
<testng-results skipped="0" failed="0" ignored="0" total="3" passed="3">
  <reporter-output>
  </reporter-output>
  <suite name="Default suite" duration-ms="7990" started-at="2020-08-01T23:11:10 IST" finished-at="2020-08-01T23:11:18 IST">
    <groups>
      <group name="cucumber">
        <method signature="AbstractTestNGCucumberTests.runScenario(io.cucumber.testng.PickleWrapper, io.cucumber.testng.FeatureWrapper)[pri:0, instance:RunnerFile.TestRunner@528931cf]" name="runScenario" class="io.cucumber.testng.AbstractTestNGCucumberTests"/>
      </group> <!-- cucumber -->
    </groups>
    <test name="Default test" duration-ms="7990" started-at="2020-08-01T23:11:10 IST" finished-at="2020-08-01T23:11:18 IST">
      <class name="RunnerFile.TestRunner">
        <test-method status="PASS" signature="setUpClass()[pri:0, instance:RunnerFile.TestRunner@528931cf]" name="setUpClass" is-config="true" duration-ms="814" started-at="2020-08-01T23:11:10 IST" finished-at="2020-08-01T23:11:11 IST">
          <reporter-output>
          </reporter-output>
        </test-method> <!-- setUpClass -->
        <test-method status="PASS" signature="runScenario(io.cucumber.testng.PickleWrapper, io.cucumber.testng.FeatureWrapper)[pri:0, instance:RunnerFile.TestRunner@528931cf]" name="runScenario" duration-ms="5408" started-at="2020-08-01T23:11:11 IST" description="Runs Cucumber Scenarios" data-provider="scenarios" finished-at="2020-08-01T23:11:17 IST">
          <params>
            <param index="0">
              <value>
                <![CDATA["Validate all Resource"]]>
              </value>
            </param>
            <param index="1">
              <value>
                <![CDATA["Optional[Vaidate all the method]"]]>
              </value>
            </param>
          </params>
          <reporter-output>
          </reporter-output>
        </test-method> <!-- runScenario -->
        <test-method status="PASS" signature="runScenario(io.cucumber.testng.PickleWrapper, io.cucumber.testng.FeatureWrapper)[pri:0, instance:RunnerFile.TestRunner@528931cf]" name="runScenario" duration-ms="535" started-at="2020-08-01T23:11:17 IST" description="Runs Cucumber Scenarios" data-provider="scenarios" finished-at="2020-08-01T23:11:17 IST">
          <params>
            <param index="0">
              <value>
                <![CDATA["Validate all Resource"]]>
              </value>
            </param>
            <param index="1">
              <value>
                <![CDATA["Optional[Vaidate all the method]"]]>
              </value>
            </param>
          </params>
          <reporter-output>
          </reporter-output>
        </test-method> <!-- runScenario -->
        <test-method status="PASS" signature="runScenario(io.cucumber.testng.PickleWrapper, io.cucumber.testng.FeatureWrapper)[pri:0, instance:RunnerFile.TestRunner@528931cf]" name="runScenario" duration-ms="545" started-at="2020-08-01T23:11:17 IST" description="Runs Cucumber Scenarios" data-provider="scenarios" finished-at="2020-08-01T23:11:18 IST">
          <params>
            <param index="0">
              <value>
                <![CDATA["Validate all Resource"]]>
              </value>
            </param>
            <param index="1">
              <value>
                <![CDATA["Optional[Vaidate all the method]"]]>
              </value>
            </param>
          </params>
          <reporter-output>
          </reporter-output>
        </test-method> <!-- runScenario -->
        <test-method status="PASS" signature="tearDownClass()[pri:0, instance:RunnerFile.TestRunner@528931cf]" name="tearDownClass" is-config="true" duration-ms="609" started-at="2020-08-01T23:11:18 IST" finished-at="2020-08-01T23:11:18 IST">
          <reporter-output>
          </reporter-output>
        </test-method> <!-- tearDownClass -->
      </class> <!-- RunnerFile.TestRunner -->
    </test> <!-- Default test -->
  </suite> <!-- Default suite -->
</testng-results>
