<?xml version="1.0" encoding="UTF-8"?>
<!-- Generated by org.testng.reporters.JUnitXMLReporter -->
<testsuite hostname="DESKTOP-G28MNR6" ignored="0" name="Default test" tests="4" failures="1" timestamp="2020-07-26T22:19:41 IST" time="8.362" errors="0">
  <testcase name="runScenario" time="5.093" classname="io.cucumber.testng.AbstractTestNGCucumberTests"/>
  <testcase name="runScenario" time="0.534" classname="io.cucumber.testng.AbstractTestNGCucumberTests"/>
  <testcase name="runScenario" time="0.532" classname="io.cucumber.testng.AbstractTestNGCucumberTests"/>
  <testcase name="runScenario" time="0.537" classname="io.cucumber.testng.AbstractTestNGCucumberTests">
    <failure type="java.lang.AssertionError" message="expected [Post Deleted Successfully] but found [Invlid ID]">
      <![CDATA[java.lang.AssertionError: expected [Post Deleted Successfully] but found [Invlid ID]
at org.testng.Assert.fail(Assert.java:97)
at org.testng.Assert.assertEqualsImpl(Assert.java:136)
at org.testng.Assert.assertEquals(Assert.java:118)
at org.testng.Assert.assertEquals(Assert.java:575)
at org.testng.Assert.assertEquals(Assert.java:585)
at StepDefinition.Delete_Steps.validate_the_delete_response_using_jsonpath(Delete_Steps.java:46)
at ✽.validate the delete Response using jsonpath(file:///C:/Users/Hp/eclipse-workspace/RestAPI_Demo/src/test/resources/Feature%20File/Resources.feature:27)
]]>
    </failure>
  </testcase> <!-- runScenario -->
</testsuite> <!-- Default test -->
